2025-05-09 21:12:11,074 - INFO - 开始Git操作 | 提交信息: auto_git_push:1
2025-05-09 21:12:11,172 - INFO - 命令执行成功: git add .
输出: 
2025-05-09 21:12:11,310 - INFO - 命令执行成功: git commit -m "auto_git_push:1"
输出: [master 7855492] auto_git_push:1
 2 files changed, 38 insertions(+), 6 deletions(-)
 create mode 100644 git_operations.log

2025-05-09 21:12:14,630 - INFO - 命令执行成功: git push origin master
输出: 
2025-05-09 21:12:14,630 - INFO - Git操作成功 | 开始时间: 2025-05-09 21:12:11 | 结束时间: 2025-05-09 21:12:14
2025-05-09 21:12:24,647 - INFO - 开始Git操作 | 提交信息: auto_git_push:2
2025-05-09 21:12:24,758 - INFO - 命令执行成功: git add .
输出: 
2025-05-09 21:12:24,892 - INFO - 命令执行成功: git commit -m "auto_git_push:2"
输出: [master c334935] auto_git_push:2
 1 file changed, 3 insertions(+)

2025-05-09 21:12:29,878 - INFO - 命令执行成功: git push origin master
输出: 
2025-05-09 21:12:29,878 - INFO - Git操作成功 | 开始时间: 2025-05-09 21:12:24 | 结束时间: 2025-05-09 21:12:29
2025-05-09 21:12:39,882 - INFO - 开始Git操作 | 提交信息: auto_git_push:3
2025-05-09 21:12:39,980 - INFO - 命令执行成功: git add .
输出: 
2025-05-09 21:12:40,114 - INFO - 命令执行成功: git commit -m "auto_git_push:3"
输出: [master e6602ac] auto_git_push:3
 1 file changed, 11 insertions(+)

2025-05-09 21:12:45,837 - INFO - 命令执行成功: git push origin master
输出: 
2025-05-09 21:12:45,837 - INFO - Git操作成功 | 开始时间: 2025-05-09 21:12:39 | 结束时间: 2025-05-09 21:12:45
2025-05-09 21:12:55,852 - INFO - 开始Git操作 | 提交信息: auto_git_push:4
2025-05-09 21:12:55,951 - INFO - 命令执行成功: git add .
输出: 
2025-05-09 21:12:56,083 - INFO - 命令执行成功: git commit -m "auto_git_push:4"
输出: [master 59548ec] auto_git_push:4
 2 files changed, 11 insertions(+), 1 deletion(-)

2025-05-09 21:12:58,870 - INFO - 命令执行成功: git push origin master
输出: 
2025-05-09 21:12:58,870 - INFO - Git操作成功 | 开始时间: 2025-05-09 21:12:55 | 结束时间: 2025-05-09 21:12:58
2025-05-09 21:13:08,872 - INFO - 开始Git操作 | 提交信息: auto_git_push:5
2025-05-09 21:13:08,978 - INFO - 命令执行成功: git add .
输出: 
2025-05-09 21:13:09,114 - INFO - 命令执行成功: git commit -m "auto_git_push:5"
输出: [master e91846c] auto_git_push:5
 1 file changed, 10 insertions(+)

2025-05-09 21:13:13,329 - INFO - 命令执行成功: git push origin master
输出: 
2025-05-09 21:13:13,329 - INFO - Git操作成功 | 开始时间: 2025-05-09 21:13:08 | 结束时间: 2025-05-09 21:13:13
2025-05-09 21:13:23,342 - INFO - 开始Git操作 | 提交信息: auto_git_push:6
2025-05-09 21:13:23,446 - INFO - 命令执行成功: git add .
输出: 
2025-05-09 21:13:23,570 - INFO - 命令执行成功: git commit -m "auto_git_push:6"
输出: [master ebf03f2] auto_git_push:6
 1 file changed, 10 insertions(+)

2025-05-09 21:13:26,780 - INFO - 命令执行成功: git push origin master
输出: 
2025-05-09 21:13:26,780 - INFO - Git操作成功 | 开始时间: 2025-05-09 21:13:23 | 结束时间: 2025-05-09 21:13:26
2025-05-09 21:13:36,796 - INFO - 开始Git操作 | 提交信息: auto_git_push:7
2025-05-09 21:13:36,898 - INFO - 命令执行成功: git add .
输出: 
